2018-09-21 10:48:42,373  INFO [main] TestBase:31 - **************************************read properties**************************************
2018-09-21 10:48:42,410  INFO [main] TestBase:44 - **************************************init**************************************
2018-09-21 10:49:02,848  INFO [main] CustomBy:32 - **************************************read xpath properties**************************************
2018-09-21 10:49:02,849  INFO [main] CustomBy:32 - **************************************read xpath properties**************************************
2018-09-21 10:49:02,849  INFO [main] CustomBy:32 - **************************************read xpath properties**************************************
2018-09-21 10:49:02,849  INFO [main] CustomBy:32 - **************************************read xpath properties**************************************
2018-09-21 10:49:02,850  INFO [main] CustomBy:32 - **************************************read xpath properties**************************************
2018-09-21 10:49:02,850  INFO [main] HomePage:35 - **************************************click popup**************************************
2018-09-21 10:49:02,939  INFO [main] HomePage:39 - **************************************send text to search field**************************************
2018-09-21 10:49:04,049  INFO [main] HomePage:56 - enter
2018-09-21 10:49:05,794  INFO [main] CustomBy:32 - **************************************read xpath properties**************************************
2018-09-21 10:49:06,796  INFO [main] ResultSearchPage:22 - click product in result Search
2018-09-21 10:49:06,956  INFO [main] CustomBy:32 - **************************************read xpath properties**************************************
2018-09-21 10:49:06,972  INFO [main] DetailProductPage:21 - Get title product in detail page
2018-09-21 10:49:09,070  INFO [main] HomePage:43 - Click logoMain
2018-09-21 10:49:10,863  INFO [main] HomePage:47 - Move to Product Was View
2018-09-21 10:49:11,971  INFO [main] HomePage:51 - click image product was view
2018-09-21 10:49:13,246  INFO [main] CustomBy:32 - **************************************read xpath properties**************************************
2018-09-21 10:49:14,247  INFO [main] DetailProductPage:21 - Get title product in detail page
2018-09-21 10:49:14,332  INFO [main] TestBase:63 - **************************************tear down**************************************
